<?xml version="1.0" encoding="UTF-8"?>
<testng-results ignored="0" total="1" passed="1" failed="0" skipped="0">
  <reporter-output>
  </reporter-output>
  <suite started-at="2022-11-29T12:51:09 IST" name="iOSAutomation" finished-at="2022-11-29T12:51:42 IST" duration-ms="32813">
    <groups>
    </groups>
    <test started-at="2022-11-29T12:51:09 IST" name="AnsweringService" finished-at="2022-11-29T12:51:42 IST" duration-ms="32813">
      <class name="com.answerconnect.deployment.testcases.SignOut">
        <test-method is-config="true" signature="launchApp()[pri:0, instance:com.answerconnect.deployment.testcases.SignOut@119c745c]" started-at="2022-11-29T12:51:09 IST" name="launchApp" finished-at="2022-11-29T12:51:14 IST" duration-ms="4714" status="PASS">
          <reporter-output>
          </reporter-output>
        </test-method> <!-- launchApp -->
        <test-method is-config="true" signature="beforeTest(java.lang.reflect.Method)[pri:0, instance:com.answerconnect.deployment.testcases.SignOut@119c745c]" started-at="2022-11-29T12:51:14 IST" name="beforeTest" finished-at="2022-11-29T12:51:14 IST" duration-ms="4" status="PASS">
          <params>
            <param index="0">
              <value>
                <![CDATA[public void com.answerconnect.deployment.testcases.SignOut.signOut() throws java.lang.Throwable]]>
              </value>
            </param>
          </params>
          <reporter-output>
          </reporter-output>
        </test-method> <!-- beforeTest -->
        <test-method signature="signOut()[pri:0, instance:com.answerconnect.deployment.testcases.SignOut@119c745c]" started-at="2022-11-29T12:51:14 IST" name="signOut" description="SignOut" finished-at="2022-11-29T12:51:42 IST" duration-ms="27637" status="PASS">
          <reporter-output>
          </reporter-output>
        </test-method> <!-- signOut -->
        <test-method is-config="true" signature="afterMethod(org.testng.ITestResult)[pri:0, instance:com.answerconnect.deployment.testcases.SignOut@119c745c]" started-at="2022-11-29T12:51:42 IST" name="afterMethod" finished-at="2022-11-29T12:51:42 IST" duration-ms="447" status="PASS">
          <params>
            <param index="0">
              <value>
                <![CDATA[[TestResult name=signOut status=SUCCESS method=SignOut.signOut()[pri:0, instance:com.answerconnect.deployment.testcases.SignOut@119c745c] output={null}]]]>
              </value>
            </param>
          </params>
          <reporter-output>
          </reporter-output>
        </test-method> <!-- afterMethod -->
        <test-method is-config="true" signature="tearDown()[pri:0, instance:com.answerconnect.deployment.testcases.SignOut@119c745c]" started-at="2022-11-29T12:51:42 IST" name="tearDown" finished-at="2022-11-29T12:51:43 IST" duration-ms="242" status="PASS">
          <reporter-output>
          </reporter-output>
        </test-method> <!-- tearDown -->
      </class> <!-- com.answerconnect.deployment.testcases.SignOut -->
    </test> <!-- AnsweringService -->
  </suite> <!-- iOSAutomation -->
</testng-results>
